\BOOKMARK [0][-]{chapter.1}{Derechos de autor}{}% 1
\BOOKMARK [0][-]{chapter.2}{Prefacio}{}% 2
\BOOKMARK [0][-]{chapter.3}{Introducci\363n}{}% 3
\BOOKMARK [1][-]{section.3.1}{Prop\363sito}{chapter.3}% 4
\BOOKMARK [0][-]{chapter.4}{Requisitos previos}{}% 5
\BOOKMARK [1][-]{section.4.1}{De usuario}{chapter.4}% 6
\BOOKMARK [1][-]{section.4.2}{De plataforma}{chapter.4}% 7
\BOOKMARK [0][-]{chapter.5}{Instalaci\363n/Configuraci\363n}{}% 8
\BOOKMARK [0][-]{chapter.6}{Gu\355a}{}% 9
\BOOKMARK [1][-]{section.6.1}{Doctor}{chapter.6}% 10
\BOOKMARK [2][-]{subsection.6.1.1}{Consultar expediente m\351dico}{section.6.1}% 11
\BOOKMARK [2][-]{subsection.6.1.2}{Modificar expediente m\351dico}{section.6.1}% 12
\BOOKMARK [2][-]{subsection.6.1.3}{Generar expediente m\351dico}{section.6.1}% 13
\BOOKMARK [2][-]{subsection.6.1.4}{Generar receta}{section.6.1}% 14
\BOOKMARK [1][-]{section.6.2}{Proveedor}{chapter.6}% 15
\BOOKMARK [1][-]{section.6.3}{Cajero}{chapter.6}% 16
\BOOKMARK [1][-]{section.6.4}{Dependiente}{chapter.6}% 17
\BOOKMARK [2][-]{subsection.6.4.1}{Compra}{section.6.4}% 18
\BOOKMARK [2][-]{subsection.6.4.2}{Consultar stock}{section.6.4}% 19
\BOOKMARK [2][-]{subsection.6.4.3}{Buscar medicamento}{section.6.4}% 20
\BOOKMARK [1][-]{section.6.5}{Administrador}{chapter.6}% 21
\BOOKMARK [2][-]{subsection.6.5.1}{Registrar un usuario}{section.6.5}% 22
\BOOKMARK [2][-]{subsection.6.5.2}{Registrar un medicamento}{section.6.5}% 23
\BOOKMARK [0][-]{chapter.7}{Preguntas frecuentes}{}% 24
\BOOKMARK [0][-]{chapter.8}{Glosario}{}% 25
\BOOKMARK [1][-]{section.8.1}{Glosario de t\351rminos}{chapter.8}% 26
